





webonise-desktop
uname (GNU coreutils) 8.21
Copyright (C) 2013 Free Software Foundation, Inc.
License GPLv3+: GNU GPL version 3 or later <http://gnu.org/licenses/gpl.html>.
This is free software: you are free to change and redistribute it.
There is NO WARRANTY, to the extent permitted by law.

Written by David MacKenzie.

Wed Feb 18 16:26:42 IST 2015
Wed Feb 18 16:28:35 IST 2015




bash: /home/webonise: Is a directory

Wed Feb 18 16:30:56 IST 2015





webonise :0           2015-02-18 16:18 (:0)
webonise pts/0        2015-02-18 16:25 (:0)
Wed Feb 18 16:32:53 IST 2015





webonise adm cdrom sudo dip plugdev lpadmin sambashare
Wed Feb 18 16:35:08 IST 2015






/home/webonise/.Skype/shared.xml
/home/webonise/.Skype/shared_httpfe/queue.db
/home/webonise/.Skype/shared_httpfe/queue.lock
/home/webonise/.Skype/shared.lck
/home/webonise/.Skype/DataRv/offline-storage.data
/home/webonise/.Skype/shared_dynco/dc.db
/home/webonise/.Skype/shared_dynco/dc.db-journal
/home/webonise/.Skype/shared_dynco/dc.lock
/home/webonise/.Skype/pallavib.webonise/bistats.db
/home/webonise/.Skype/pallavib.webonise/keyval.db
/home/webonise/.Skype/pallavib.webonise/config.xml
/home/webonise/.Skype/pallavib.webonise/main.db
/home/webonise/.Skype/pallavib.webonise/main.lock
/home/webonise/.Skype/pallavib.webonise/statistics.lock
/home/webonise/.Skype/pallavib.webonise/config.lck
/home/webonise/.Skype/pallavib.webonise/bistats.lock
/home/webonise/.Skype/pallavib.webonise/msn.lock
/home/webonise/.Skype/pallavib.webonise/keyval.lock
/home/webonise/.Skype/pallavib.webonise/bistats.db-journal
/home/webonise/.Skype/pallavib.webonise/dc.db
/home/webonise/.Skype/pallavib.webonise/eas.db
/home/webonise/.Skype/pallavib.webonise/chatsync/df/df08202785750e8e.dat
/home/webonise/.Skype/pallavib.webonise/chatsync/60/60839ace844f64d1.dat
/home/webonise/.Skype/pallavib.webonise/chatsync/d2/d2e9413b3d16bff2.dat
/home/webonise/.Skype/pallavib.webonise/chatsync/cc/cca1eb312dbd8bc0.dat
/home/webonise/.Skype/pallavib.webonise/chatsync/0d/0dfd43ff3750a9c6.dat
/home/webonise/.Skype/pallavib.webonise/chatsync/ce/ce1ab5fcdf99eeb7.dat
/home/webonise/.Skype/pallavib.webonise/chatsync/19/1997b0c2e16dfe95.dat
/home/webonise/.Skype/pallavib.webonise/chatsync/49/495f8dddca67ed1c.dat
/home/webonise/.Skype/pallavib.webonise/chatsync/b9/b9253b2fc9b8cdb6.dat
/home/webonise/.Skype/pallavib.webonise/chatsync/ac/ac32b920d9e67a6b.dat
/home/webonise/.Skype/pallavib.webonise/main.db-journal
/home/webonise/.Skype/pallavib.webonise/msn.db
/home/webonise/.Skype/pallavib.webonise/statistics.db
/home/webonise/.Skype/pallavib.webonise/httpfe/cookies.dat
/home/webonise/.Skype/pallavib.webonise/msn.db-journal
/home/webonise/.xsession-errors.old
/home/webonise/.compiz/session/10411aa4ec57e07532142417798454636400000017400001
/home/webonise/.compiz/session/10c3d2b5dd7f15ea07142418826467723700000039800001
/home/webonise/.compiz/session/10de9b44c177934304142401767274861100000019540001
/home/webonise/assignment.sh
/home/webonise/ready~
/home/webonise/.config/pulse/0ac364328951f119b1d86c1954e0c487-device-volumes.tdb
/home/webonise/.config/pulse/0ac364328951f119b1d86c1954e0c487-default-sink
/home/webonise/.config/pulse/0ac364328951f119b1d86c1954e0c487-card-database.tdb
/home/webonise/.config/pulse/cookie
/home/webonise/.config/pulse/0ac364328951f119b1d86c1954e0c487-stream-volumes.tdb
/home/webonise/.config/pulse/0ac364328951f119b1d86c1954e0c487-default-source
/home/webonise/.config/gtk-3.0/bookmarks
/home/webonise/.config/software-center/softwarecenter.cfg
/home/webonise/.config/libaccounts-glib/accounts.db
/home/webonise/.config/user-dirs.locale
/home/webonise/.config/update-notifier/hooks_seen
/home/webonise/.config/dconf/user
/home/webonise/.config/libreoffice/4/user/uno_packages/cache/registry/com.sun.star.comp.deployment.help.PackageRegistryBackend/backenddb.xml
/home/webonise/.config/libreoffice/4/user/uno_packages/cache/registry/com.sun.star.comp.deployment.configuration.PackageRegistryBackend/backenddb.xml
/home/webonise/.config/libreoffice/4/user/uno_packages/cache/log.txt
/home/webonise/.config/libreoffice/4/user/database/biblio.odb
/home/webonise/.config/libreoffice/4/user/database/biblio/biblio.dbt
/home/webonise/.config/libreoffice/4/user/database/biblio/biblio.dbf
/home/webonise/.config/libreoffice/4/user/database/evolocal.odb
/home/webonise/.config/libreoffice/4/user/registrymodifications.xcu
/home/webonise/.config/libreoffice/4/user/autotext/mytexts.bau
/home/webonise/.config/libreoffice/4/user/extensions/buildid
/home/webonise/.config/libreoffice/4/user/extensions/tmp/registry/com.sun.star.comp.deployment.help.PackageRegistryBackend/backenddb.xml
/home/webonise/.config/libreoffice/4/user/extensions/tmp/registry/com.sun.star.comp.deployment.configuration.PackageRegistryBackend/backenddb.xml
/home/webonise/.config/libreoffice/4/user/extensions/shared/registry/com.sun.star.comp.deployment.help.PackageRegistryBackend/backenddb.xml
/home/webonise/.config/libreoffice/4/user/extensions/shared/registry/com.sun.star.comp.deployment.configuration.PackageRegistryBackend/backenddb.xml
/home/webonise/.config/libreoffice/4/user/extensions/shared/lastsynchronized
/home/webonise/.config/libreoffice/4/user/extensions/bundled/registry/com.sun.star.comp.deployment.help.PackageRegistryBackend/backenddb.xml
/home/webonise/.config/libreoffice/4/user/extensions/bundled/registry/com.sun.star.comp.deployment.configuration.PackageRegistryBackend/backenddb.xml
/home/webonise/.config/libreoffice/4/user/extensions/bundled/lastsynchronized
/home/webonise/.config/libreoffice/4/user/config/palette.soc
/home/webonise/.config/libreoffice/4/user/config/standard.sod
/home/webonise/.config/libreoffice/4/user/config/scribus.soc
/home/webonise/.config/libreoffice/4/user/config/classic.sog
/home/webonise/.config/libreoffice/4/user/config/cmyk.soc
/home/webonise/.config/libreoffice/4/user/config/standard.soh
/home/webonise/.config/libreoffice/4/user/config/standard.sob
/home/webonise/.config/libreoffice/4/user/config/hatching.soh
/home/webonise/.config/libreoffice/4/user/config/standard.soc
/home/webonise/.config/libreoffice/4/user/config/javasettings_Linux_X86_64.xml
/home/webonise/.config/libreoffice/4/user/config/web.soc
/home/webonise/.config/libreoffice/4/user/config/modern.sog
/home/webonise/.config/libreoffice/4/user/config/standard.soe
/home/webonise/.config/libreoffice/4/user/config/standard.sog
/home/webonise/.config/libreoffice/4/user/config/styles.sod
/home/webonise/.config/libreoffice/4/user/config/html.soc
/home/webonise/.config/libreoffice/4/user/config/arrowhd.soe
/home/webonise/.config/libreoffice/4/user/config/gallery.soc
/home/webonise/.config/libreoffice/4/user/config/libreoffice.soc
/home/webonise/.config/libreoffice/4/user/config/autotbl.fmt
/home/webonise/.config/libreoffice/4/user/config/tango.soc
/home/webonise/.config/libreoffice/4/user/gallery/sg30.sdv
/home/webonise/.config/libreoffice/4/user/gallery/sg30.thm
/home/webonise/.config/libreoffice/4/user/basic/dialog.xlc
/home/webonise/.config/libreoffice/4/user/basic/script.xlc
/home/webonise/.config/libreoffice/4/user/basic/Standard/dialog.xlb
/home/webonise/.config/libreoffice/4/user/basic/Standard/Module1.xba
/home/webonise/.config/libreoffice/4/user/basic/Standard/script.xlb
/home/webonise/.config/libreoffice/4/user/psprint/pspfontcache
/home/webonise/.config/enchant/en.exc
/home/webonise/.config/enchant/en.dic
/home/webonise/.config/user-dirs.dirs
/home/webonise/.config/Trolltech.conf
/home/webonise/.config/gnome-control-center/backgrounds/last-edited.xml
/home/webonise/.config/nautilus/accels
/home/webonise/.config/nautilus/desktop-metadata
/home/webonise/.config/gedit/accels
/home/webonise/.config/ibus/bus/0ac364328951f119b1d86c1954e0c487-unix-0
/home/webonise/.config/compiz-1/compizconfig/done_upgrades
/home/webonise/.config/compiz-1/compizconfig/config
/home/webonise/assignment1
/home/webonise/.dmrc
/home/webonise/assignment/ok.txt_rename
/home/webonise/assignment/xx*ok.txt_rename
/home/webonise/assignment/file~
/home/webonise/assignment/readme.txt
/home/webonise/assignment/assignment.log
/home/webonise/assignment/assignment.log~
/home/webonise/.mozilla/firefox/profiles.ini
/home/webonise/.mozilla/firefox/Crash Reports/InstallTime20140715214327
/home/webonise/.mozilla/firefox/n4uljhet.default/content-prefs.sqlite
/home/webonise/.mozilla/firefox/n4uljhet.default/formhistory.sqlite
/home/webonise/.mozilla/firefox/n4uljhet.default/prefs.js
/home/webonise/.mozilla/firefox/n4uljhet.default/extensions.json
/home/webonise/.mozilla/firefox/n4uljhet.default/cookies.sqlite
/home/webonise/.mozilla/firefox/n4uljhet.default/times.json
/home/webonise/.mozilla/firefox/n4uljhet.default/key3.db
/home/webonise/.mozilla/firefox/n4uljhet.default/mimeTypes.rdf
/home/webonise/.mozilla/firefox/n4uljhet.default/localstore.rdf
/home/webonise/.mozilla/firefox/n4uljhet.default/sessionCheckpoints.json
/home/webonise/.mozilla/firefox/n4uljhet.default/webappsstore.sqlite-wal
/home/webonise/.mozilla/firefox/n4uljhet.default/webappsstore.sqlite
/home/webonise/.mozilla/firefox/n4uljhet.default/bookmarkbackups/bookmarks-2015-02-17_20_2OqYI6k6ABFHFWATfOuaFQ==.json
/home/webonise/.mozilla/firefox/n4uljhet.default/bookmarkbackups/bookmarks-2015-02-18_21_m1SDVN3fQZ+akALD7cKwAg==.json
/home/webonise/.mozilla/firefox/n4uljhet.default/places.sqlite
/home/webonise/.mozilla/firefox/n4uljhet.default/extensions.ini
/home/webonise/.mozilla/firefox/n4uljhet.default/sessionstore.js
/home/webonise/.mozilla/firefox/n4uljhet.default/cookies.sqlite-shm
/home/webonise/.mozilla/firefox/n4uljhet.default/webappsstore.sqlite-shm
/home/webonise/.mozilla/firefox/n4uljhet.default/cookies.sqlite-wal
/home/webonise/.mozilla/firefox/n4uljhet.default/signons.sqlite
/home/webonise/.mozilla/firefox/n4uljhet.default/compatibility.ini
/home/webonise/.mozilla/firefox/n4uljhet.default/places.sqlite-shm
/home/webonise/.mozilla/firefox/n4uljhet.default/healthreport.sqlite
/home/webonise/.mozilla/firefox/n4uljhet.default/places.sqlite-wal
/home/webonise/.mozilla/firefox/n4uljhet.default/.parentlock
/home/webonise/.mozilla/firefox/n4uljhet.default/cert8.db
/home/webonise/.mozilla/firefox/n4uljhet.default/permissions.sqlite
/home/webonise/.mozilla/firefox/n4uljhet.default/healthreport.sqlite-wal
/home/webonise/.mozilla/firefox/n4uljhet.default/pluginreg.dat
/home/webonise/.mozilla/firefox/n4uljhet.default/addons.json
/home/webonise/.mozilla/firefox/n4uljhet.default/webapps/webapps.json
/home/webonise/.mozilla/firefox/n4uljhet.default/blocklist.xml
/home/webonise/.mozilla/firefox/n4uljhet.default/secmod.db
/home/webonise/.mozilla/firefox/n4uljhet.default/healthreport.sqlite-shm
/home/webonise/.mozilla/firefox/n4uljhet.default/search.json
/home/webonise/.mozilla/firefox/n4uljhet.default/crashes/store.json.mozlz4
/home/webonise/.mozilla/firefox/n4uljhet.default/sessionstore.bak
/home/webonise/.text
/home/webonise/.Xauthority
/home/webonise/.bash_history
/home/webonise/.cache/logrotate/status
/home/webonise/.cache/webkit/icondatabase/WebpageIcons.db
/home/webonise/.cache/software-center/apthistory.p
/home/webonise/.cache/software-center/rnrclient/reviews.ubuntu.com,reviews,api,1.0,reviews,filter,en,any,any,any,skype,page,1,helpful,,1f5629ae7681e5989b6bff69aee56123
/home/webonise/.cache/software-center/rnrclient/reviews.ubuntu.com,reviews,api,1.0,reviews,filter,en,any,any,any,google-chrome-stable,page,1,helpful,,c401f37bb35cffae5562dcf0756f91fb
/home/webonise/.cache/software-center/expunge.lock
/home/webonise/.cache/software-center/piston-helper/reviews.ubuntu.com,reviews,api,1.0,review-stats,any,any,updates-last-1-days,,5e97956339b6410876a1bf1574569b09
/home/webonise/.cache/software-center/piston-helper/rec.ubuntu.com,api,1.0,recommend_app,skype,,0495938f41334883bd3a67d3b164c1d1
/home/webonise/.cache/software-center/piston-helper/software-center.ubuntu.com,api,2.0,exhibits,en,trusty,,cea0cdfa918570fc6c4a42b7dea7a1a2
/home/webonise/.cache/software-center/piston-helper/rec.ubuntu.com,api,1.0,recommend_app,google-chrome-stable,,ab8e25bc835f33c6ca5c580b6a249704
/home/webonise/.cache/software-center/piston-helper/software-center.ubuntu.com,api,2.0,applications,en,ubuntu,trusty,amd64,,112396056a1c2d570586137369f98fa3
/home/webonise/.cache/software-center/piston-helper/reviews.ubuntu.com,reviews,api,1.0,review-stats,any,any,,1c66e24123164bb80c4253965e29eed7
/home/webonise/.cache/software-center/download-cache/screenshots.ubuntu.com_screenshot-with-version_skype_4.3.0.37-1
/home/webonise/.cache/software-center/download-cache/screenshots.ubuntu.com_screenshots_s_skype_9125%5fsmall.png
/home/webonise/.cache/software-center/download-cache/screenshots.ubuntu.com_screenshots_s_skype_4690%5fsmall.png
/home/webonise/.cache/software-center/icons/ mycraft-icon-mc-launcher.svg64.png
/home/webonise/.cache/software-center/icons/reportal-icon-64_2.png
/home/webonise/.cache/software-center/icons/wxipespell-icon-wxipespell_64.png
/home/webonise/.cache/software-center/icons/chart-geany-full-icon-logo64_3.png
/home/webonise/.cache/software-center/icons/numix-icon-theme-square-icon-64.png
/home/webonise/.cache/software-center/icons/wxpdfspell-icon-wxpdfspell.png
/home/webonise/.cache/software-center/icons/saivt-icon-saivt.svg.png
/home/webonise/.cache/software-center/icons/numix-icon-theme-circle-icon-64.png
/home/webonise/.cache/software-center/icons/dmmediaconverter-icon-dmMediaConverter_logo_64x64.png
/home/webonise/.cache/software-center/software-center-agent.db/postlist.DB
/home/webonise/.cache/software-center/software-center-agent.db/spelling.DB
/home/webonise/.cache/software-center/software-center-agent.db/termlist.DB
/home/webonise/.cache/software-center/software-center-agent.db/postlist.baseA
/home/webonise/.cache/software-center/software-center-agent.db/postlist.baseB
/home/webonise/.cache/software-center/software-center-agent.db/spelling.baseB
/home/webonise/.cache/software-center/software-center-agent.db/termlist.baseB
/home/webonise/.cache/software-center/software-center-agent.db/record.baseA
/home/webonise/.cache/software-center/software-center-agent.db/termlist.baseA
/home/webonise/.cache/software-center/software-center-agent.db/spelling.baseA
/home/webonise/.cache/software-center/software-center-agent.db/iamchert
/home/webonise/.cache/software-center/software-center-agent.db/flintlock
/home/webonise/.cache/software-center/software-center-agent.db/record.baseB
/home/webonise/.cache/software-center/software-center-agent.db/record.DB
/home/webonise/.cache/software-center/reviews.ubuntu.com_reviews_api_1.0_review-stats-pkgnames.p
/home/webonise/.cache/software-center/software-center.log
/home/webonise/.cache/upstart/indicator-sound.log.1.gz
/home/webonise/.cache/upstart/at-spi2-registryd.log.2.gz
/home/webonise/.cache/upstart/unity-settings-daemon.log.1.gz
/home/webonise/.cache/upstart/indicator-sound.log.2.gz
/home/webonise/.cache/upstart/dbus.log.1.gz
/home/webonise/.cache/upstart/unity7.log.1.gz
/home/webonise/.cache/upstart/indicator-session.log
/home/webonise/.cache/upstart/update-notifier-release.log.3.gz
/home/webonise/.cache/upstart/window-stack-bridge.log.2.gz
/home/webonise/.cache/upstart/gnome-session-Unity.log.3.gz
/home/webonise/.cache/upstart/unity7.log.2.gz
/home/webonise/.cache/upstart/indicator-application.log
/home/webonise/.cache/upstart/unity-panel-service.log
/home/webonise/.cache/upstart/hud.log.1.gz
/home/webonise/.cache/upstart/dbus.log.2.gz
/home/webonise/.cache/upstart/indicator-bluetooth.log.2.gz
/home/webonise/.cache/upstart/im-config.log.2.gz
/home/webonise/.cache/upstart/indicator-power.log
/home/webonise/.cache/upstart/indicator-printers.log.2.gz
/home/webonise/.cache/upstart/indicator-bluetooth.log.1.gz
/home/webonise/.cache/upstart/update-notifier-release.log.2.gz
/home/webonise/.cache/upstart/unity7.log.3.gz
/home/webonise/.cache/upstart/dbus-session
/home/webonise/.cache/upstart/unity-settings-daemon.log.3.gz
/home/webonise/.cache/upstart/unity-settings-daemon.log.2.gz
/home/webonise/.cache/upstart/im-config.log.1.gz
/home/webonise/.cache/upstart/at-spi2-registryd.log.1.gz
/home/webonise/.cache/upstart/upstart-event-bridge.log.1.gz
/home/webonise/.cache/upstart/indicator-bluetooth.log.3.gz
/home/webonise/.cache/upstart/dbus.log.3.gz
/home/webonise/.cache/upstart/dbus.log
/home/webonise/.cache/upstart/window-stack-bridge.log.1.gz
/home/webonise/.cache/upstart/unity-panel-service.log.1.gz
/home/webonise/.cache/upstart/gnome-session-Unity.log.2.gz
/home/webonise/.cache/upstart/indicator-printers.log.1.gz
/home/webonise/.cache/upstart/update-notifier-release.log.1.gz
/home/webonise/.cache/upstart/indicator-datetime.log
/home/webonise/.cache/upstart/im-config.log.3.gz
/home/webonise/.cache/upstart/gnome-session-Unity.log
/home/webonise/.cache/upstart/indicator-sound.log.3.gz
/home/webonise/.cache/upstart/gnome-session-Unity.log.1.gz
/home/webonise/.cache/upstart/unity-panel-service.log.2.gz
/home/webonise/.cache/compizconfig-1/unitymtgrabhandles.pb
/home/webonise/.cache/compizconfig-1/copytex.pb
/home/webonise/.cache/compizconfig-1/grid.pb
/home/webonise/.cache/compizconfig-1/commands.pb
/home/webonise/.cache/compizconfig-1/imgpng.pb
/home/webonise/.cache/compizconfig-1/vpswitch.pb
/home/webonise/.cache/compizconfig-1/expo.pb
/home/webonise/.cache/compizconfig-1/compiztoolbox.pb
/home/webonise/.cache/compizconfig-1/workarounds.pb
/home/webonise/.cache/compizconfig-1/wall.pb
/home/webonise/.cache/compizconfig-1/opengl.pb
/home/webonise/.cache/compizconfig-1/snap.pb
/home/webonise/.cache/compizconfig-1/scale.pb
/home/webonise/.cache/compizconfig-1/unityshell.pb
/home/webonise/.cache/compizconfig-1/session.pb
/home/webonise/.cache/compizconfig-1/ezoom.pb
/home/webonise/.cache/compizconfig-1/move.pb
/home/webonise/.cache/compizconfig-1/core.pb
/home/webonise/.cache/compizconfig-1/animation.pb
/home/webonise/.cache/compizconfig-1/composite.pb
/home/webonise/.cache/compizconfig-1/fade.pb
/home/webonise/.cache/compizconfig-1/place.pb
/home/webonise/.cache/compizconfig-1/gnomecompat.pb
/home/webonise/.cache/compizconfig-1/mousepoll.pb
/home/webonise/.cache/compizconfig-1/decor.pb
/home/webonise/.cache/compizconfig-1/resize.pb
/home/webonise/.cache/compizconfig-1/regex.pb
/home/webonise/.cache/oneconf/0ac364328951f119b1d86c1954e0c487/host
/home/webonise/.cache/oneconf/0ac364328951f119b1d86c1954e0c487/package_list_0ac364328951f119b1d86c1954e0c487
/home/webonise/.cache/gstreamer-1.0/registry.x86_64.bin
/home/webonise/.cache/update-manager-core/meta-release-lts
/home/webonise/.cache/unity/first_run.stamp
/home/webonise/.cache/event-sound-cache.tdb.0ac364328951f119b1d86c1954e0c487.x86_64-pc-linux-gnu
/home/webonise/.cache/indicator-appmenu/hud-usage-log.sqlite
/home/webonise/.cache/thumbnails/normal/799360dcd2b2bf6f9d0ee1003d0878c5.png
/home/webonise/.cache/thumbnails/normal/ee15d0573bf335eb8c301035b605d351.png
/home/webonise/.cache/thumbnails/normal/9da0fe358482e154667f4fd3f3b898ee.png
/home/webonise/.cache/thumbnails/normal/f458b2702111282ba10cca5ddd511daf.png
/home/webonise/.cache/thumbnails/normal/81bdc9fa57cd692cd040eda14c67ce19.png
/home/webonise/.cache/thumbnails/normal/d16b0938cbe0709422a08ab6592e38a8.png
/home/webonise/.cache/thumbnails/normal/ee9cf2ab26402213d518127e9b5b1149.png
/home/webonise/.cache/thumbnails/normal/80669861f9aa5aea3fe60cb442f453cc.png
/home/webonise/.cache/thumbnails/normal/0ae37d7036817693adec104f064af783.png
/home/webonise/.cache/thumbnails/normal/ed1486feff8053b64e9d027e91f77b2d.png
/home/webonise/.cache/thumbnails/normal/b2bdf6f2a85194544d0558983df41eb0.png
/home/webonise/.cache/thumbnails/normal/051ba6888f20adf6bfd0f0709ca51882.png
/home/webonise/.cache/thumbnails/normal/23d554b84cbc451cbdd1660a6c33c3bb.png
/home/webonise/.cache/thumbnails/fail/gnome-thumbnail-factory/8fe67980dd2e2442eab538f70e4ca58a.png
/home/webonise/.cache/wallpaper/0_5_1024_768_9d1db9a84c030d49ca8ee8f192c05c3e
/home/webonise/.cache/fontconfig/7ef2298fde41cc6eeb7af42e48b7d293-le64.cache-4
/home/webonise/.cache/fontconfig/04aabc0a78ac019cf9454389977116d2-le32d4.cache-4
/home/webonise/.cache/fontconfig/4794a0821666d79190d59a36cb4f44b5-le32d4.cache-4
/home/webonise/.cache/fontconfig/6333f38776742d18e214673cd2c24e34-le32d4.cache-4
/home/webonise/.cache/fontconfig/158c65c810c0d352a587f5be66058e87-le64.cache-4
/home/webonise/.cache/fontconfig/0d8c3b2ac0904cb8a57a757ad11a4a08-le32d4.cache-4
/home/webonise/.cache/fontconfig/0c9eb80ebd1c36541ebe2852d3bb0c49-le32d4.cache-4
/home/webonise/.cache/fontconfig/e13b20fdb08344e0e664864cc2ede53d-le32d4.cache-4
/home/webonise/.cache/fontconfig/57e423e26b20ab21d0f2f29c145174c3-le32d4.cache-4
/home/webonise/.cache/fontconfig/c855463f699352c367813e37f3f70ea7-le32d4.cache-4
/home/webonise/.cache/fontconfig/188ac73a183f12857f63bb60a4a6d603-le32d4.cache-4
/home/webonise/.cache/fontconfig/7ef2298fde41cc6eeb7af42e48b7d293-le32d4.cache-4
/home/webonise/.cache/fontconfig/3830d5c3ddfd5cd38a049b759396e72e-le32d4.cache-4
/home/webonise/.cache/fontconfig/3047814df9a2f067bd2d96a2b9c36e5a-le32d4.cache-4
/home/webonise/.cache/fontconfig/1ac9eb803944fde146138c791f5cc56a-le32d4.cache-4
/home/webonise/.cache/fontconfig/d82eb4fd963d448e2fcb7d7b793b5df3-le32d4.cache-4
/home/webonise/.cache/fontconfig/a755afe4a08bf5b97852ceb7400b47bc-le32d4.cache-4
/home/webonise/.cache/fontconfig/95530828ff6c81d309f8258d8d02a23e-le32d4.cache-4
/home/webonise/.cache/fontconfig/385c0604a188198f04d133e54aba7fe7-le32d4.cache-4
/home/webonise/.cache/fontconfig/dc05db6664285cc2f12bf69c139ae4c3-le32d4.cache-4
/home/webonise/.cache/fontconfig/56cf4f4769d0f4abc89a4895d7bd3ae1-le32d4.cache-4
/home/webonise/.cache/fontconfig/CACHEDIR.TAG
/home/webonise/.cache/fontconfig/fe547fea3a41b43a38975d292a2b19c7-le32d4.cache-4
/home/webonise/.cache/fontconfig/c05880de57d1f5e948fdfacc138775d9-le32d4.cache-4
/home/webonise/.cache/fontconfig/d3e5c4ee2ceb1fc347f91d4cefc53bc0-le32d4.cache-4
/home/webonise/.cache/fontconfig/767a8244fc0220cfb567a839d0392e0b-le32d4.cache-4
/home/webonise/.cache/fontconfig/4c599c202bc5c08e2d34565a40eac3b2-le32d4.cache-4
/home/webonise/.cache/fontconfig/945677eb7aeaf62f1d50efc3fb3ec7d8-le32d4.cache-4
/home/webonise/.cache/fontconfig/e52a45a1c8c8fe895fc0fc8c4e6999b8-le32d4.cache-4
/home/webonise/.cache/fontconfig/707971e003b4ae6c8121c3a920e507f5-le32d4.cache-4
/home/webonise/.cache/fontconfig/b47c4e1ecd0709278f4910c18777a504-le32d4.cache-4
/home/webonise/.cache/fontconfig/e7071f4a29fa870f4323321c154eba04-le32d4.cache-4
/home/webonise/.cache/fontconfig/f1f2465696798768e9653f19e17ccdc8-le32d4.cache-4
/home/webonise/.cache/fontconfig/cabbd14511b9e8a55e92af97fb3a0461-le32d4.cache-4
/home/webonise/.cache/fontconfig/8801497958630a81b71ace7c5f9b32a8-le32d4.cache-4
/home/webonise/.cache/fontconfig/3f7329c5293ffd510edef78f73874cfd-le32d4.cache-4
/home/webonise/.cache/fontconfig/d589a48862398ed80a3d6066f4f56f4c-le32d4.cache-4
/home/webonise/.cache/fontconfig/d52a8644073d54c13679302ca1180695-le32d4.cache-4
/home/webonise/.cache/fontconfig/b9d506c9ac06c20b433354fa67a72993-le32d4.cache-4
/home/webonise/.cache/fontconfig/2cd17615ca594fa2959ae173292e504c-le32d4.cache-4
/home/webonise/.cache/ibus/bus/registry
/home/webonise/.cache/sso/sso-client.log
/home/webonise/.cache/sso/sso-client-gui.log
/home/webonise/.cache/mozilla/firefox/n4uljhet.default/_CACHE_CLEAN_
/home/webonise/.cache/mozilla/firefox/n4uljhet.default/thumbnails/4204ccaf4cd555074b83a1dcc09c89e5.png
/home/webonise/.cache/mozilla/firefox/n4uljhet.default/thumbnails/37c5b564cac9d816068d88e3addec7fb.png
/home/webonise/.cache/mozilla/firefox/n4uljhet.default/thumbnails/9297bf0368ee6a4c06ebd0bd1772b6e0.png
/home/webonise/.cache/mozilla/firefox/n4uljhet.default/thumbnails/93133889b18e4716e4023611f1cbfb21.png
/home/webonise/.cache/mozilla/firefox/n4uljhet.default/thumbnails/8a3b2e9e413c59e9f64a21e54424639c.png
/home/webonise/.cache/mozilla/firefox/n4uljhet.default/thumbnails/867bd2b3d4e42d5f8026ba866e458206.png
/home/webonise/.cache/mozilla/firefox/n4uljhet.default/thumbnails/b546baedff3166583baf7ef31af21944.png
/home/webonise/.cache/mozilla/firefox/n4uljhet.default/thumbnails/39a2a121141f9fb3af458e0006c22948.png
/home/webonise/.cache/mozilla/firefox/n4uljhet.default/thumbnails/477ea235141f765cb4c1a42e1f0c0241.png
/home/webonise/.cache/mozilla/firefox/n4uljhet.default/thumbnails/219949d261ae8012309e96134717a90a.png
/home/webonise/.cache/mozilla/firefox/n4uljhet.default/thumbnails/a24a2381233822ecbe77d5586790ef4d.png
/home/webonise/.cache/mozilla/firefox/n4uljhet.default/thumbnails/008ec4453ff31513f43893cba7aa31c8.png
/home/webonise/.cache/mozilla/firefox/n4uljhet.default/thumbnails/eb76e9b7eaac1fc77b4c10af555652f0.png
/home/webonise/.cache/mozilla/firefox/n4uljhet.default/thumbnails/e54ff641f23d9b285f2651d3d6037492.png
/home/webonise/.cache/mozilla/firefox/n4uljhet.default/thumbnails/fa5042a99083345317e1c4e0740889bd.png
/home/webonise/.cache/mozilla/firefox/n4uljhet.default/thumbnails/dd9c9cd03998dd8b582cc3581df370dc.png
/home/webonise/.cache/mozilla/firefox/n4uljhet.default/thumbnails/474ac4d712b72c1c7114184f43b8a05d.png
/home/webonise/.cache/mozilla/firefox/n4uljhet.default/thumbnails/995b0b2696408e358fb13b41b4dbb832.png
/home/webonise/.cache/mozilla/firefox/n4uljhet.default/thumbnails/311ce0be3e7401db0a8e8b849b8100e7.png
/home/webonise/.cache/mozilla/firefox/n4uljhet.default/thumbnails/3cfc88046913ee6b12ecd3f636e32dbc.png
/home/webonise/.cache/mozilla/firefox/n4uljhet.default/thumbnails/2989112f350faf8bf2fdb3ab86e000cd.png
/home/webonise/.cache/mozilla/firefox/n4uljhet.default/thumbnails/31a21d2dec7be9b885f4fd928e8608e2.png
/home/webonise/.cache/mozilla/firefox/n4uljhet.default/thumbnails/34cd3ee454a955ec519cc5fbc20a9421.png
/home/webonise/.cache/mozilla/firefox/n4uljhet.default/thumbnails/820bf011eaeef7f7c876205b7b23f0fb.png
/home/webonise/.cache/mozilla/firefox/n4uljhet.default/thumbnails/da00c42633377ede0f1fd02d6f9dc4df.png
/home/webonise/.cache/mozilla/firefox/n4uljhet.default/thumbnails/deff97476c0bd2d24f7d6cf7192970c5.png
/home/webonise/.cache/mozilla/firefox/n4uljhet.default/thumbnails/0dac41148e9ca0d974eee165f06f2176.png
/home/webonise/.cache/mozilla/firefox/n4uljhet.default/thumbnails/6f3a9bc6631f62a9cce1d7b62475be53.png
/home/webonise/.cache/mozilla/firefox/n4uljhet.default/thumbnails/b55de0b8f0c51bde6d54fe80a42b54c9.png
/home/webonise/.cache/mozilla/firefox/n4uljhet.default/thumbnails/0bf8a991013bc87d6b3f5ff8b192ffe5.png
/home/webonise/.cache/mozilla/firefox/n4uljhet.default/thumbnails/38e1e7348ff942b59812edb5d5195d72.png
/home/webonise/.cache/mozilla/firefox/n4uljhet.default/thumbnails/4a914e05d5e84cb887becd293a5bef3f.png
/home/webonise/.cache/mozilla/firefox/n4uljhet.default/thumbnails/0117c6b4c88275960faf3f1f3ae00302.png
/home/webonise/.cache/mozilla/firefox/n4uljhet.default/thumbnails/00d8425cc33220a5acf46ba6de584963.png
/home/webonise/.cache/mozilla/firefox/n4uljhet.default/thumbnails/aa1d754a284f1890b8400cb2c518a4e4.png
/home/webonise/.cache/mozilla/firefox/n4uljhet.default/thumbnails/23765a048268054a551f78cbec262c9e.png
/home/webonise/.cache/mozilla/firefox/n4uljhet.default/thumbnails/89f31dedbc8de3696b201e3d38789dbc.png
/home/webonise/.cache/mozilla/firefox/n4uljhet.default/thumbnails/c0e63dc78954edc3ba10caf68dbe8a35.png
/home/webonise/.cache/mozilla/firefox/n4uljhet.default/thumbnails/1cbf170f988280ce5da25faa87ff764f.png
/home/webonise/.cache/mozilla/firefox/n4uljhet.default/thumbnails/43364f45dc7056e72b1f84b719d6cf6f.png
/home/webonise/.cache/mozilla/firefox/n4uljhet.default/thumbnails/36560e83cde2ee33be429f3b688e6990.png
/home/webonise/.cache/mozilla/firefox/n4uljhet.default/thumbnails/6015efb469f9effa5e4b8f930f0a3f1e.png
/home/webonise/.cache/mozilla/firefox/n4uljhet.default/thumbnails/7cfc7fae623b0fe99d754599da00e880.png
/home/webonise/.cache/mozilla/firefox/n4uljhet.default/thumbnails/4379ad6caf944710e69f81a48210bf66.png
/home/webonise/.cache/mozilla/firefox/n4uljhet.default/thumbnails/b5350695254ac66b75ec6289b8717765.png
/home/webonise/.cache/mozilla/firefox/n4uljhet.default/thumbnails/f822094ed61a1ae1c2fe7451777eb310.png
/home/webonise/.cache/mozilla/firefox/n4uljhet.default/thumbnails/4ec988efa705f9319fcee977ac7e7955.png
/home/webonise/.cache/mozilla/firefox/n4uljhet.default/thumbnails/c8d0e04f7ea41580204e6cd8c3973ea3.png
/home/webonise/.cache/mozilla/firefox/n4uljhet.default/thumbnails/0151495bd4e3ad78149ad50e07ea7978.png
/home/webonise/.cache/mozilla/firefox/n4uljhet.default/thumbnails/2122c5656da3d86d77c08f7af48c0268.png
/home/webonise/.cache/mozilla/firefox/n4uljhet.default/thumbnails/78f89845633adac431e82fe3f94960e2.png
/home/webonise/.cache/mozilla/firefox/n4uljhet.default/thumbnails/4ffced84c980a161fd55bcbbd06e23d8.png
/home/webonise/.cache/mozilla/firefox/n4uljhet.default/thumbnails/d7f92e72619a4c9bf57b420c0ace0d48.png
/home/webonise/.cache/mozilla/firefox/n4uljhet.default/thumbnails/caf7699d7e487bd38a7fb903a495518a.png
/home/webonise/.cache/mozilla/firefox/n4uljhet.default/thumbnails/0d842bdc8aed184b951286a35a129cd1.png
/home/webonise/.cache/mozilla/firefox/n4uljhet.default/thumbnails/b0da234477d7905f321f620cbe5403ad.png
/home/webonise/.cache/mozilla/firefox/n4uljhet.default/thumbnails/d1066cfbdf96156cf7f1c4ed5b58e6fb.png
/home/webonise/.cache/mozilla/firefox/n4uljhet.default/thumbnails/fcdfedb3d7065b1ee4e4995aa4067922.png
/home/webonise/.cache/mozilla/firefox/n4uljhet.default/thumbnails/7bc0ef439e1a2d5949239b235500022e.png
/home/webonise/.cache/mozilla/firefox/n4uljhet.default/thumbnails/24a4de285277b0621d37e2b8bca7eb61.png
/home/webonise/.cache/mozilla/firefox/n4uljhet.default/thumbnails/3a8e3d6d8a3b54fc13b733cbb6740377.png
/home/webonise/.cache/mozilla/firefox/n4uljhet.default/thumbnails/5b0e92c731cd0f15b3cd82791fec97e0.png
/home/webonise/.cache/mozilla/firefox/n4uljhet.default/thumbnails/dbb0af2673060948560618ecb3153ba0.png
/home/webonise/.cache/mozilla/firefox/n4uljhet.default/thumbnails/8e8f7f3d1d706f7890c0cb11fe3997a4.png
/home/webonise/.cache/mozilla/firefox/n4uljhet.default/thumbnails/e27038a759a2191639fb1e7b3393826a.png
/home/webonise/.cache/mozilla/firefox/n4uljhet.default/thumbnails/df2b59b9023827dac7a71030e6c1a69e.png
/home/webonise/.cache/mozilla/firefox/n4uljhet.default/thumbnails/a133a83bf90582814bb7c0bc3b251030.png
/home/webonise/.cache/mozilla/firefox/n4uljhet.default/thumbnails/b082dad9a319ec938d4191cd0d404b65.png
/home/webonise/.cache/mozilla/firefox/n4uljhet.default/thumbnails/9544b2c81a6a1cc7617b1685607d282e.png
/home/webonise/.cache/mozilla/firefox/n4uljhet.default/thumbnails/595c037b9690bdbe59ca000ce7aa40b2.png
/home/webonise/.cache/mozilla/firefox/n4uljhet.default/thumbnails/8acb362a584ba6109af412bdba176d98.png
/home/webonise/.cache/mozilla/firefox/n4uljhet.default/thumbnails/906e7438214371dc6c5c72ec314d4f46.png
/home/webonise/.cache/mozilla/firefox/n4uljhet.default/thumbnails/5ed0e87352e0b08833e0bb49cf2a2145.png
/home/webonise/.cache/mozilla/firefox/n4uljhet.default/thumbnails/6e5bbcb90cd0e624241de6f414842803.png
/home/webonise/.cache/mozilla/firefox/n4uljhet.default/thumbnails/669bf5b917ba9866d6cf0fc3842d3ebd.png
/home/webonise/.cache/mozilla/firefox/n4uljhet.default/thumbnails/74490beaa222e293ef4b52515f55b3b8.png
/home/webonise/.cache/mozilla/firefox/n4uljhet.default/thumbnails/6e9e786e1adfcd59a4b6e8252bae7874.png
/home/webonise/.cache/mozilla/firefox/n4uljhet.default/thumbnails/530bffe264f53d57a891edd0c822cf6d.png
/home/webonise/.cache/mozilla/firefox/n4uljhet.default/thumbnails/495a320528ee5bdeae974c787fb2acc6.png
/home/webonise/.cache/mozilla/firefox/n4uljhet.default/thumbnails/70322a4f378342d38b65b2eca583efe4.png
/home/webonise/.cache/mozilla/firefox/n4uljhet.default/thumbnails/abbfa6f172cd23aabcf9db118ae6a176.png
/home/webonise/.cache/mozilla/firefox/n4uljhet.default/thumbnails/6c18c6f92504e4e39c383e4f095b7bca.png
/home/webonise/.cache/mozilla/firefox/n4uljhet.default/thumbnails/98dfab0005fc37731e2272cb29a65339.png
/home/webonise/.cache/mozilla/firefox/n4uljhet.default/thumbnails/fb1e4fc6274c950167f1d62941353e6f.png
/home/webonise/.cache/mozilla/firefox/n4uljhet.default/thumbnails/6391b25a0642b8bf8ef4f0f6ef651311.png
/home/webonise/.cache/mozilla/firefox/n4uljhet.default/thumbnails/7d8b0083e751e61cb64180a283ef2b89.png
/home/webonise/.cache/mozilla/firefox/n4uljhet.default/thumbnails/7d534f04782425007bd253a20e14bcb8.png
/home/webonise/.cache/mozilla/firefox/n4uljhet.default/thumbnails/8456a247c5de107cb1ee92f4f0636fb8.png
/home/webonise/.cache/mozilla/firefox/n4uljhet.default/thumbnails/8e7c43a9e81aacf2afb20e8d9a5fcd4a.png
/home/webonise/.cache/mozilla/firefox/n4uljhet.default/safebrowsing/goog-phish-shavar.cache
/home/webonise/.cache/mozilla/firefox/n4uljhet.default/safebrowsing/test-malware-simple.pset
/home/webonise/.cache/mozilla/firefox/n4uljhet.default/safebrowsing/goog-malware-shavar.pset
/home/webonise/.cache/mozilla/firefox/n4uljhet.default/safebrowsing/test-malware-simple.sbstore
/home/webonise/.cache/mozilla/firefox/n4uljhet.default/safebrowsing/goog-phish-shavar.pset
/home/webonise/.cache/mozilla/firefox/n4uljhet.default/safebrowsing/goog-phish-shavar.sbstore
/home/webonise/.cache/mozilla/firefox/n4uljhet.default/safebrowsing/goog-badbinurl-shavar.sbstore
/home/webonise/.cache/mozilla/firefox/n4uljhet.default/safebrowsing/goog-malware-shavar.cache
/home/webonise/.cache/mozilla/firefox/n4uljhet.default/safebrowsing/goog-badbinurl-shavar.cache
/home/webonise/.cache/mozilla/firefox/n4uljhet.default/safebrowsing/test-phish-simple.cache
/home/webonise/.cache/mozilla/firefox/n4uljhet.default/safebrowsing/goog-badbinurl-shavar.pset
/home/webonise/.cache/mozilla/firefox/n4uljhet.default/safebrowsing/test-phish-simple.sbstore
/home/webonise/.cache/mozilla/firefox/n4uljhet.default/safebrowsing/test-phish-simple.pset
/home/webonise/.cache/mozilla/firefox/n4uljhet.default/safebrowsing/goog-malware-shavar.sbstore
/home/webonise/.cache/mozilla/firefox/n4uljhet.default/safebrowsing/test-malware-simple.cache
/home/webonise/.cache/mozilla/firefox/n4uljhet.default/startupCache/startupCache.8.little
/home/webonise/.cache/mozilla/firefox/n4uljhet.default/Cache/7/5E/4482Cd01
/home/webonise/.cache/mozilla/firefox/n4uljhet.default/Cache/7/C2/973A1d01
/home/webonise/.cache/mozilla/firefox/n4uljhet.default/Cache/7/3F/FC420d01
/home/webonise/.cache/mozilla/firefox/n4uljhet.default/Cache/7/AE/86FC2d01
/home/webonise/.cache/mozilla/firefox/n4uljhet.default/Cache/7/DF/AD3EFd01
/home/webonise/.cache/mozilla/firefox/n4uljhet.default/Cache/7/9A/D4E95d01
/home/webonise/.cache/mozilla/firefox/n4uljhet.default/Cache/7/88/4FA80d01
/home/webonise/.cache/mozilla/firefox/n4uljhet.default/Cache/7/69/C9C5Dd01
/home/webonise/.cache/mozilla/firefox/n4uljhet.default/Cache/7/F9/6B3E7d01
/home/webonise/.cache/mozilla/firefox/n4uljhet.default/Cache/7/F5/3C7EFd01
/home/webonise/.cache/mozilla/firefox/n4uljhet.default/Cache/7/BF/8D3EBd01
/home/webonise/.cache/mozilla/firefox/n4uljhet.default/Cache/7/65/D4C77d01
/home/webonise/.cache/mozilla/firefox/n4uljhet.default/Cache/7/44/C2E2Cd01
/home/webonise/.cache/mozilla/firefox/n4uljhet.default/Cache/7/D4/20932d01
/home/webonise/.cache/mozilla/firefox/n4uljhet.default/Cache/7/C4/57DE9d01
/home/webonise/.cache/mozilla/firefox/n4uljhet.default/Cache/9/3C/002CEd01
/home/webonise/.cache/mozilla/firefox/n4uljhet.default/Cache/9/9B/647A3d01
/home/webonise/.cache/mozilla/firefox/n4uljhet.default/Cache/9/70/320C4d01
/home/webonise/.cache/mozilla/firefox/n4uljhet.default/Cache/9/53/89CA7d01
/home/webonise/.cache/mozilla/firefox/n4uljhet.default/Cache/9/6B/BFAC4d01
/home/webonise/.cache/mozilla/firefox/n4uljhet.default/Cache/9/E1/5BE1Fd01
/home/webonise/.cache/mozilla/firefox/n4uljhet.default/Cache/9/A3/054D4d01
/home/webonise/.cache/mozilla/firefox/n4uljhet.default/Cache/9/98/E43CDd01
/home/webonise/.cache/mozilla/firefox/n4uljhet.default/Cache/9/4D/FAE9Ed01
/home/webonise/.cache/mozilla/firefox/n4uljhet.default/Cache/9/5D/0C80Dd01
/home/webonise/.cache/mozilla/firefox/n4uljhet.default/Cache/9/58/DAC47d01
/home/webonise/.cache/mozilla/firefox/n4uljhet.default/Cache/9/12/52E6Fd01
/home/webonise/.cache/mozilla/firefox/n4uljhet.default/Cache/9/2E/58E4Cd01
/home/webonise/.cache/mozilla/firefox/n4uljhet.default/Cache/9/C3/9596Bd01
/home/webonise/.cache/mozilla/firefox/n4uljhet.default/Cache/9/F5/BCC8Dd01
/home/webonise/.cache/mozilla/firefox/n4uljhet.default/Cache/9/89/A9817d01
/home/webonise/.cache/mozilla/firefox/n4uljhet.default/Cache/9/5C/145B8d01
/home/webonise/.cache/mozilla/firefox/n4uljhet.default/Cache/9/41/5CCA8d01
/home/webonise/.cache/mozilla/firefox/n4uljhet.default/Cache/9/62/76FE8d01
/home/webonise/.cache/mozilla/firefox/n4uljhet.default/Cache/5/45/A1A2Cd01
/home/webonise/.cache/mozilla/firefox/n4uljhet.default/Cache/5/23/7080Fd01
/home/webonise/.cache/mozilla/firefox/n4uljhet.default/Cache/5/3D/54E9Bd01
/home/webonise/.cache/mozilla/firefox/n4uljhet.default/Cache/5/E0/C5584d01
/home/webonise/.cache/mozilla/firefox/n4uljhet.default/Cache/5/74/328D8d01
/home/webonise/.cache/mozilla/firefox/n4uljhet.default/Cache/5/80/E5C29d01
/home/webonise/.cache/mozilla/firefox/n4uljhet.default/Cache/5/9C/12816d01
/home/webonise/.cache/mozilla/firefox/n4uljhet.default/Cache/5/34/55F39d01
/home/webonise/.cache/mozilla/firefox/n4uljhet.default/Cache/5/5F/E6A02d01
/home/webonise/.cache/mozilla/firefox/n4uljhet.default/Cache/5/90/164FFd01
/home/webonise/.cache/mozilla/firefox/n4uljhet.default/Cache/5/19/B0509d01
/home/webonise/.cache/mozilla/firefox/n4uljhet.default/Cache/5/94/56829d01
/home/webonise/.cache/mozilla/firefox/n4uljhet.default/Cache/5/D7/CDED3d01
/home/webonise/.cache/mozilla/firefox/n4uljhet.default/Cache/5/0C/3DB7Dd01
/home/webonise/.cache/mozilla/firefox/n4uljhet.default/Cache/5/91/E3BE1d01
/home/webonise/.cache/mozilla/firefox/n4uljhet.default/Cache/4/D3/4F4DFd01
/home/webonise/.cache/mozilla/firefox/n4uljhet.default/Cache/4/09/461A5d01
/home/webonise/.cache/mozilla/firefox/n4uljhet.default/Cache/4/5B/54B9Fd01
/home/webonise/.cache/mozilla/firefox/n4uljhet.default/Cache/4/27/7F91Bd01
/home/webonise/.cache/mozilla/firefox/n4uljhet.default/Cache/4/7E/542E6d01
/home/webonise/.cache/mozilla/firefox/n4uljhet.default/Cache/4/F2/5738Ed01
/home/webonise/.cache/mozilla/firefox/n4uljhet.default/Cache/4/21/47368d01
/home/webonise/.cache/mozilla/firefox/n4uljhet.default/Cache/4/2A/FE53Dd01
/home/webonise/.cache/mozilla/firefox/n4uljhet.default/Cache/4/13/DACEDd01
/home/webonise/.cache/mozilla/firefox/n4uljhet.default/Cache/4/AD/9450Ad01
/home/webonise/.cache/mozilla/firefox/n4uljhet.default/Cache/4/2D/567AEd01
/home/webonise/.cache/mozilla/firefox/n4uljhet.default/Cache/4/44/2707Dd01
/home/webonise/.cache/mozilla/firefox/n4uljhet.default/Cache/4/96/22DDAd01
/home/webonise/.cache/mozilla/firefox/n4uljhet.default/Cache/4/EE/8E048d01
/home/webonise/.cache/mozilla/firefox/n4uljhet.default/Cache/4/EE/3C269d01
/home/webonise/.cache/mozilla/firefox/n4uljhet.default/Cache/4/CC/02E1Ad01
/home/webonise/.cache/mozilla/firefox/n4uljhet.default/Cache/4/5C/E4989d01
/home/webonise/.cache/mozilla/firefox/n4uljhet.default/Cache/4/37/155C2d01
/home/webonise/.cache/mozilla/firefox/n4uljhet.default/Cache/3/E2/54899d01
/home/webonise/.cache/mozilla/firefox/n4uljhet.default/Cache/3/71/3959Ad01
/home/webonise/.cache/mozilla/firefox/n4uljhet.default/Cache/3/32/66F8Ed01
/home/webonise/.cache/mozilla/firefox/n4uljhet.default/Cache/3/80/BF0CBd01
/home/webonise/.cache/mozilla/firefox/n4uljhet.default/Cache/3/EC/DBE1Dd01
/home/webonise/.cache/mozilla/firefox/n4uljhet.default/Cache/3/18/1A5C8d01
/home/webonise/.cache/mozilla/firefox/n4uljhet.default/Cache/3/18/E4689d01
/home/webonise/.cache/mozilla/firefox/n4uljhet.default/Cache/3/7C/85F5Ed01
/home/webonise/.cache/mozilla/firefox/n4uljhet.default/Cache/3/5F/8A590d01
/home/webonise/.cache/mozilla/firefox/n4uljhet.default/Cache/3/21/C8FFBd01
/home/webonise/.cache/mozilla/firefox/n4uljhet.default/Cache/3/DC/53E60d01
/home/webonise/.cache/mozilla/firefox/n4uljhet.default/Cache/3/1F/1942Ad01
/home/webonise/.cache/mozilla/firefox/n4uljhet.default/Cache/3/31/0C40Ad01
/home/webonise/.cache/mozilla/firefox/n4uljhet.default/Cache/3/4C/B9269d01
/home/webonise/.cache/mozilla/firefox/n4uljhet.default/Cache/3/EA/C5122d01
/home/webonise/.cache/mozilla/firefox/n4uljhet.default/Cache/3/28/1640Ad01
/home/webonise/.cache/mozilla/firefox/n4uljhet.default/Cache/3/C4/35FFAd01
/home/webonise/.cache/mozilla/firefox/n4uljhet.default/Cache/3/75/82EC8d01
/home/webonise/.cache/mozilla/firefox/n4uljhet.default/Cache/3/20/8D314d01
/home/webonise/.cache/mozilla/firefox/n4uljhet.default/Cache/E/0E/595EAd01
/home/webonise/.cache/mozilla/firefox/n4uljhet.default/Cache/E/C2/558F1d01
/home/webonise/.cache/mozilla/firefox/n4uljhet.default/Cache/E/57/D3B74d01
/home/webonise/.cache/mozilla/firefox/n4uljhet.default/Cache/E/57/0E9FFd01
/home/webonise/.cache/mozilla/firefox/n4uljhet.default/Cache/E/53/7BB08d01
/home/webonise/.cache/mozilla/firefox/n4uljhet.default/Cache/E/23/BE93Cd01
/home/webonise/.cache/mozilla/firefox/n4uljhet.default/Cache/E/68/AC603d01
/home/webonise/.cache/mozilla/firefox/n4uljhet.default/Cache/E/30/78E73d01
/home/webonise/.cache/mozilla/firefox/n4uljhet.default/Cache/E/AE/ACCA5d01
/home/webonise/.cache/mozilla/firefox/n4uljhet.default/Cache/E/DA/078BCd01
/home/webonise/.cache/mozilla/firefox/n4uljhet.default/Cache/E/F4/ADA03d01
/home/webonise/.cache/mozilla/firefox/n4uljhet.default/Cache/E/F2/841B5d01
/home/webonise/.cache/mozilla/firefox/n4uljhet.default/Cache/E/A0/69BB6d01
/home/webonise/.cache/mozilla/firefox/n4uljhet.default/Cache/E/C1/55786d01
/home/webonise/.cache/mozilla/firefox/n4uljhet.default/Cache/E/E6/0A2FBd01
/home/webonise/.cache/mozilla/firefox/n4uljhet.default/Cache/E/06/75709d01
/home/webonise/.cache/mozilla/firefox/n4uljhet.default/Cache/E/BF/41019d01
/home/webonise/.cache/mozilla/firefox/n4uljhet.default/Cache/E/78/45707d01
/home/webonise/.cache/mozilla/firefox/n4uljhet.default/Cache/E/B0/4A0D3d01
/home/webonise/.cache/mozilla/firefox/n4uljhet.default/Cache/E/46/531A2d01
/home/webonise/.cache/mozilla/firefox/n4uljhet.default/Cache/D/3C/0D825d01
/home/webonise/.cache/mozilla/firefox/n4uljhet.default/Cache/D/76/53192d01
/home/webonise/.cache/mozilla/firefox/n4uljhet.default/Cache/D/32/A1EA4d01
/home/webonise/.cache/mozilla/firefox/n4uljhet.default/Cache/D/51/AAE42d01
/home/webonise/.cache/mozilla/firefox/n4uljhet.default/Cache/D/0A/60D53d01
/home/webonise/.cache/mozilla/firefox/n4uljhet.default/Cache/D/E1/AAFC5d01
/home/webonise/.cache/mozilla/firefox/n4uljhet.default/Cache/D/9C/919D5d01
/home/webonise/.cache/mozilla/firefox/n4uljhet.default/Cache/D/34/D180Ed01
/home/webonise/.cache/mozilla/firefox/n4uljhet.default/Cache/D/95/7F1C6d01
/home/webonise/.cache/mozilla/firefox/n4uljhet.default/Cache/D/63/69D3Fd01
/home/webonise/.cache/mozilla/firefox/n4uljhet.default/Cache/D/D9/3E4C7d01
/home/webonise/.cache/mozilla/firefox/n4uljhet.default/Cache/D/22/F5586d01
/home/webonise/.cache/mozilla/firefox/n4uljhet.default/Cache/D/22/7DF2Bd01
/home/webonise/.cache/mozilla/firefox/n4uljhet.default/Cache/D/E6/843A2d01
/home/webonise/.cache/mozilla/firefox/n4uljhet.default/Cache/D/86/A2EF6d01
/home/webonise/.cache/mozilla/firefox/n4uljhet.default/Cache/D/46/6229Ad01
/home/webonise/.cache/mozilla/firefox/n4uljhet.default/Cache/D/28/A02D0d01
/home/webonise/.cache/mozilla/firefox/n4uljhet.default/Cache/D/75/AA0EEd01
/home/webonise/.cache/mozilla/firefox/n4uljhet.default/Cache/D/91/7C99Fd01
/home/webonise/.cache/mozilla/firefox/n4uljhet.default/Cache/D/91/94755d01
/home/webonise/.cache/mozilla/firefox/n4uljhet.default/Cache/B/C5/5894Cd01
/home/webonise/.cache/mozilla/firefox/n4uljhet.default/Cache/B/35/4AAE5d01
/home/webonise/.cache/mozilla/firefox/n4uljhet.default/Cache/B/23/AAEC9d01
/home/webonise/.cache/mozilla/firefox/n4uljhet.default/Cache/B/F6/90AF3d01
/home/webonise/.cache/mozilla/firefox/n4uljhet.default/Cache/B/4F/A1AA5d01
/home/webonise/.cache/mozilla/firefox/n4uljhet.default/Cache/B/B8/691CCd01
/home/webonise/.cache/mozilla/firefox/n4uljhet.default/Cache/B/8A/05C33d01
/home/webonise/.cache/mozilla/firefox/n4uljhet.default/Cache/B/07/675BAd01
/home/webonise/.cache/mozilla/firefox/n4uljhet.default/Cache/B/58/D274Fd01
/home/webonise/.cache/mozilla/firefox/n4uljhet.default/Cache/B/F1/35706d01
/home/webonise/.cache/mozilla/firefox/n4uljhet.default/Cache/B/59/CBAF7d01
/home/webonise/.cache/mozilla/firefox/n4uljhet.default/Cache/B/46/C0EFBd01
/home/webonise/.cache/mozilla/firefox/n4uljhet.default/Cache/B/3A/5A5E9d01
/home/webonise/.cache/mozilla/firefox/n4uljhet.default/Cache/B/D6/2433Cd01
/home/webonise/.cache/mozilla/firefox/n4uljhet.default/Cache/1/CE/8198Ad01
/home/webonise/.cache/mozilla/firefox/n4uljhet.default/Cache/1/6F/B1F9Fd01
/home/webonise/.cache/mozilla/firefox/n4uljhet.default/Cache/1/C5/56939d01
/home/webonise/.cache/mozilla/firefox/n4uljhet.default/Cache/1/32/68A87d01
/home/webonise/.cache/mozilla/firefox/n4uljhet.default/Cache/1/ED/71D5Dd01
/home/webonise/.cache/mozilla/firefox/n4uljhet.default/Cache/1/3B/95333d01
/home/webonise/.cache/mozilla/firefox/n4uljhet.default/Cache/1/FF/C4521d01
/home/webonise/.cache/mozilla/firefox/n4uljhet.default/Cache/1/1A/E45DDd01
/home/webonise/.cache/mozilla/firefox/n4uljhet.default/Cache/1/9C/CD34Ed01
/home/webonise/.cache/mozilla/firefox/n4uljhet.default/Cache/1/EC/35D7Fd01
/home/webonise/.cache/mozilla/firefox/n4uljhet.default/Cache/1/DA/79C34d01
/home/webonise/.cache/mozilla/firefox/n4uljhet.default/Cache/1/D5/D417Ed01
/home/webonise/.cache/mozilla/firefox/n4uljhet.default/Cache/1/88/3F25Bd01
/home/webonise/.cache/mozilla/firefox/n4uljhet.default/Cache/1/03/B97B7d01
/home/webonise/.cache/mozilla/firefox/n4uljhet.default/Cache/1/C7/7BE06d01
/home/webonise/.cache/mozilla/firefox/n4uljhet.default/Cache/1/CA/48B54d01
/home/webonise/.cache/mozilla/firefox/n4uljhet.default/Cache/_CACHE_002_
/home/webonise/.cache/mozilla/firefox/n4uljhet.default/Cache/2/5E/2C341d01
/home/webonise/.cache/mozilla/firefox/n4uljhet.default/Cache/2/CE/E7495d01
/home/webonise/.cache/mozilla/firefox/n4uljhet.default/Cache/2/C5/42C50d01
/home/webonise/.cache/mozilla/firefox/n4uljhet.default/Cache/2/A1/A097Fd01
/home/webonise/.cache/mozilla/firefox/n4uljhet.default/Cache/2/74/6915Ad01
/home/webonise/.cache/mozilla/firefox/n4uljhet.default/Cache/2/1A/E91D8d01
/home/webonise/.cache/mozilla/firefox/n4uljhet.default/Cache/2/1E/4AFB1d01
/home/webonise/.cache/mozilla/firefox/n4uljhet.default/Cache/2/AE/8F217d01
/home/webonise/.cache/mozilla/firefox/n4uljhet.default/Cache/2/58/0CDE3d01
/home/webonise/.cache/mozilla/firefox/n4uljhet.default/Cache/2/90/78164d01
/home/webonise/.cache/mozilla/firefox/n4uljhet.default/Cache/2/A2/B9494d01
/home/webonise/.cache/mozilla/firefox/n4uljhet.default/Cache/2/9F/A8D3Fd01
/home/webonise/.cache/mozilla/firefox/n4uljhet.default/Cache/2/EA/A3F30d01
/home/webonise/.cache/mozilla/firefox/n4uljhet.default/Cache/2/9E/80BE0d01
/home/webonise/.cache/mozilla/firefox/n4uljhet.default/Cache/2/0C/79424d01
/home/webonise/.cache/mozilla/firefox/n4uljhet.default/Cache/2/8C/CCB02d01
/home/webonise/.cache/mozilla/firefox/n4uljhet.default/Cache/2/42/7A70Fd01
/home/webonise/.cache/mozilla/firefox/n4uljhet.default/Cache/2/20/E7C94d01
/home/webonise/.cache/mozilla/firefox/n4uljhet.default/Cache/0/C2/28F75d01
/home/webonise/.cache/mozilla/firefox/n4uljhet.default/Cache/0/6F/A166Dd01
/home/webonise/.cache/mozilla/firefox/n4uljhet.default/Cache/0/7B/CF13Cd01
/home/webonise/.cache/mozilla/firefox/n4uljhet.default/Cache/0/FB/7AE56d01
/home/webonise/.cache/mozilla/firefox/n4uljhet.default/Cache/0/08/72DBAd01
/home/webonise/.cache/mozilla/firefox/n4uljhet.default/Cache/0/2F/CC056d01
/home/webonise/.cache/mozilla/firefox/n4uljhet.default/Cache/0/13/0A636d01
/home/webonise/.cache/mozilla/firefox/n4uljhet.default/Cache/0/06/3B785d01
/home/webonise/.cache/mozilla/firefox/n4uljhet.default/Cache/0/59/1C95Ed01
/home/webonise/.cache/mozilla/firefox/n4uljhet.default/Cache/0/04/8CD23d01
/home/webonise/.cache/mozilla/firefox/n4uljhet.default/Cache/0/86/ACCCFd01
/home/webonise/.cache/mozilla/firefox/n4uljhet.default/Cache/0/8F/4F0C2d01
/home/webonise/.cache/mozilla/firefox/n4uljhet.default/Cache/8/40/26416d01
/home/webonise/.cache/mozilla/firefox/n4uljhet.default/Cache/8/56/228C6d01
/home/webonise/.cache/mozilla/firefox/n4uljhet.default/Cache/8/D9/D07A4d01
/home/webonise/.cache/mozilla/firefox/n4uljhet.default/Cache/8/89/31EFEd01
/home/webonise/.cache/mozilla/firefox/n4uljhet.default/Cache/8/17/A7E8Fd01
/home/webonise/.cache/mozilla/firefox/n4uljhet.default/Cache/8/B1/03E76d01
/home/webonise/.cache/mozilla/firefox/n4uljhet.default/Cache/8/2C/039CCd01
/home/webonise/.cache/mozilla/firefox/n4uljhet.default/Cache/8/59/E2D4Bd01
/home/webonise/.cache/mozilla/firefox/n4uljhet.default/Cache/8/25/8C81Dd01
/home/webonise/.cache/mozilla/firefox/n4uljhet.default/Cache/8/9E/E2883d01
/home/webonise/.cache/mozilla/firefox/n4uljhet.default/Cache/8/3E/A19B9d01
/home/webonise/.cache/mozilla/firefox/n4uljhet.default/Cache/8/CA/7AED0d01
/home/webonise/.cache/mozilla/firefox/n4uljhet.default/Cache/_CACHE_003_
/home/webonise/.cache/mozilla/firefox/n4uljhet.default/Cache/_CACHE_001_
/home/webonise/.cache/mozilla/firefox/n4uljhet.default/Cache/6/3C/4EB0Bd01
/home/webonise/.cache/mozilla/firefox/n4uljhet.default/Cache/6/53/277DCd01
/home/webonise/.cache/mozilla/firefox/n4uljhet.default/Cache/6/F8/7960Ed01
/home/webonise/.cache/mozilla/firefox/n4uljhet.default/Cache/6/E1/986B7d01
/home/webonise/.cache/mozilla/firefox/n4uljhet.default/Cache/6/68/6C869d01
/home/webonise/.cache/mozilla/firefox/n4uljhet.default/Cache/6/2F/A7B5Ed01
/home/webonise/.cache/mozilla/firefox/n4uljhet.default/Cache/6/EF/5295Cd01
/home/webonise/.cache/mozilla/firefox/n4uljhet.default/Cache/6/A0/98FF5d01
/home/webonise/.cache/mozilla/firefox/n4uljhet.default/Cache/6/B2/8C7A4d01
/home/webonise/.cache/mozilla/firefox/n4uljhet.default/Cache/6/99/15E6Cd01
/home/webonise/.cache/mozilla/firefox/n4uljhet.default/Cache/6/86/88406d01
/home/webonise/.cache/mozilla/firefox/n4uljhet.default/Cache/6/A4/C2045d01
/home/webonise/.cache/mozilla/firefox/n4uljhet.default/Cache/6/81/699AFd01
/home/webonise/.cache/mozilla/firefox/n4uljhet.default/Cache/C/CE/DAE9Cd01
/home/webonise/.cache/mozilla/firefox/n4uljhet.default/Cache/C/57/0EF3Ed01
/home/webonise/.cache/mozilla/firefox/n4uljhet.default/Cache/C/70/1E5B7d01
/home/webonise/.cache/mozilla/firefox/n4uljhet.default/Cache/C/9C/6F670d01
/home/webonise/.cache/mozilla/firefox/n4uljhet.default/Cache/C/A5/59DADd01
/home/webonise/.cache/mozilla/firefox/n4uljhet.default/Cache/C/08/D267Cd01
/home/webonise/.cache/mozilla/firefox/n4uljhet.default/Cache/C/68/E0AD1d01
/home/webonise/.cache/mozilla/firefox/n4uljhet.default/Cache/C/27/113C1d01
/home/webonise/.cache/mozilla/firefox/n4uljhet.default/Cache/C/98/E4A34d01
/home/webonise/.cache/mozilla/firefox/n4uljhet.default/Cache/C/7D/E5EB5d01
/home/webonise/.cache/mozilla/firefox/n4uljhet.default/Cache/C/58/BA516d01
/home/webonise/.cache/mozilla/firefox/n4uljhet.default/Cache/C/15/7D039d01
/home/webonise/.cache/mozilla/firefox/n4uljhet.default/Cache/C/88/7C337d01
/home/webonise/.cache/mozilla/firefox/n4uljhet.default/Cache/C/6D/0B481d01
/home/webonise/.cache/mozilla/firefox/n4uljhet.default/Cache/C/33/2E038d01
/home/webonise/.cache/mozilla/firefox/n4uljhet.default/Cache/C/33/F51A1d01
/home/webonise/.cache/mozilla/firefox/n4uljhet.default/Cache/C/D7/BD5C1d01
/home/webonise/.cache/mozilla/firefox/n4uljhet.default/Cache/F/82/2CBA8d01
/home/webonise/.cache/mozilla/firefox/n4uljhet.default/Cache/F/FC/371A9d01
/home/webonise/.cache/mozilla/firefox/n4uljhet.default/Cache/F/5D/5134Fd01
/home/webonise/.cache/mozilla/firefox/n4uljhet.default/Cache/F/21/37EFFd01
/home/webonise/.cache/mozilla/firefox/n4uljhet.default/Cache/F/19/717A5d01
/home/webonise/.cache/mozilla/firefox/n4uljhet.default/Cache/F/03/71CACd01
/home/webonise/.cache/mozilla/firefox/n4uljhet.default/Cache/F/F3/EE2AEd01
/home/webonise/.cache/mozilla/firefox/n4uljhet.default/Cache/F/87/4AF6Ed01
/home/webonise/.cache/mozilla/firefox/n4uljhet.default/Cache/F/25/B7625d01
/home/webonise/.cache/mozilla/firefox/n4uljhet.default/Cache/_CACHE_MAP_
/home/webonise/.cache/mozilla/firefox/n4uljhet.default/Cache/A/3D/A41F3d01
/home/webonise/.cache/mozilla/firefox/n4uljhet.default/Cache/A/B9/F5EDBd01
/home/webonise/.cache/mozilla/firefox/n4uljhet.default/Cache/A/8A/E1CAFd01
/home/webonise/.cache/mozilla/firefox/n4uljhet.default/Cache/A/F4/64147d01
/home/webonise/.cache/mozilla/firefox/n4uljhet.default/Cache/A/12/92D2Bd01
/home/webonise/.cache/mozilla/firefox/n4uljhet.default/Cache/A/90/C55E4d01
/home/webonise/.cache/mozilla/firefox/n4uljhet.default/Cache/A/A2/2C990d01
/home/webonise/.cache/mozilla/firefox/n4uljhet.default/Cache/A/83/99068d01
/home/webonise/.cache/mozilla/firefox/n4uljhet.default/Cache/A/33/89794d01
/home/webonise/.cache/mozilla/firefox/n4uljhet.default/Cache/A/67/CD1FBd01
/home/webonise/.cache/mozilla/firefox/n4uljhet.default/Cache/A/46/5222Bd01
/home/webonise/.cache/mozilla/firefox/n4uljhet.default/Cache/A/5C/34C58d01
/home/webonise/.cache/mozilla/firefox/n4uljhet.default/Cache/A/37/6B053d01
/home/webonise/.bashrc
/home/webonise/README.md
/home/webonise/.ICEauthority
/home/webonise/assignment1~
/home/webonise/.gconf/apps/%gconf.xml
/home/webonise/.gconf/apps/nm-applet/%gconf.xml
/home/webonise/.gconf/apps/gnome-terminal/%gconf.xml
/home/webonise/.gconf/apps/gnome-terminal/profiles/%gconf.xml
/home/webonise/.gconf/apps/gnome-terminal/profiles/Default/%gconf.xml
/home/webonise/.local/share/zeitgeist/activity.sqlite-wal
/home/webonise/.local/share/zeitgeist/fts.index/postlist.DB
/home/webonise/.local/share/zeitgeist/fts.index/termlist.DB
/home/webonise/.local/share/zeitgeist/fts.index/postlist.baseA
/home/webonise/.local/share/zeitgeist/fts.index/postlist.baseB
/home/webonise/.local/share/zeitgeist/fts.index/termlist.baseB
/home/webonise/.local/share/zeitgeist/fts.index/position.baseA
/home/webonise/.local/share/zeitgeist/fts.index/record.baseA
/home/webonise/.local/share/zeitgeist/fts.index/termlist.baseA
/home/webonise/.local/share/zeitgeist/fts.index/position.DB
/home/webonise/.local/share/zeitgeist/fts.index/position.baseB
/home/webonise/.local/share/zeitgeist/fts.index/iamchert
/home/webonise/.local/share/zeitgeist/fts.index/flintlock
/home/webonise/.local/share/zeitgeist/fts.index/record.baseB
/home/webonise/.local/share/zeitgeist/fts.index/record.DB
/home/webonise/.local/share/zeitgeist/activity.sqlite-shm
/home/webonise/.local/share/zeitgeist/activity.sqlite
/home/webonise/.local/share/telepathy/mission-control/accounts.cfg
/home/webonise/.local/share/keyrings/user.keystore
/home/webonise/.local/share/keyrings/login.keyring
/home/webonise/.local/share/keyrings/user.keystore.ILP6TX
/home/webonise/.local/share/keyrings/user.keystore.KGG5TX
/home/webonise/.local/share/unity-settings-daemon/input-sources-converted
/home/webonise/.local/share/evolution/calendar/system/calendar.ics
/home/webonise/.local/share/evolution/tasks/system/tasks.ics
/home/webonise/.local/share/session_migration-ubuntu
/home/webonise/.local/share/gsettings-data-convert
/home/webonise/.local/share/gvfs-metadata/root-e2c595c8.log
/home/webonise/.local/share/gvfs-metadata/home
/home/webonise/.local/share/gvfs-metadata/home-84d83ed7.log
/home/webonise/.local/share/gvfs-metadata/root
/home/webonise/.local/share/.converted-launchers
/home/webonise/.local/share/recently-used.xbel
/home/webonise/.local/share/unity-webapps/availableapps-v2.db
/home/webonise/.xsession-errors
/home/webonise/trial_file.txt~
/home/webonise/Downloads/skype-ubuntu-precise_4.3.0.37-1_i386.deb
/home/webonise/Downloads/google-chrome-stable_current_amd64.deb
/home/webonise/.bash_logout
/home/webonise/examples.desktop
/home/webonise/.profile
/home/webonise/ready.sh~
/home/webonise/ready.sh
/home/webonise/.git/description
/home/webonise/.git/config
/home/webonise/.git/hooks/pre-commit.sample
/home/webonise/.git/hooks/applypatch-msg.sample
/home/webonise/.git/hooks/pre-rebase.sample
/home/webonise/.git/hooks/pre-push.sample
/home/webonise/.git/hooks/post-update.sample
/home/webonise/.git/hooks/update.sample
/home/webonise/.git/hooks/pre-applypatch.sample
/home/webonise/.git/hooks/commit-msg.sample
/home/webonise/.git/hooks/prepare-commit-msg.sample
/home/webonise/.git/objects/ad/28a859d6d5fbd114e3b232794d4ce38166d1cc
/home/webonise/.git/index
/home/webonise/.git/info/exclude
/home/webonise/.git/HEAD
Wed Feb 18 18:11:56 IST 2015








/*mkdir assignment
cd assignment*/


ok_.txt renamed as ok__.txt
xxxok_.txt renamed as xxxok__.txt
xxxok_.txt renamed as xxxxxok_.txt
Thu Feb 19 04:24:47 IST 2015



